<?xml version="1.0" encoding="UTF-8"?>
<testng-results ignored="0" total="2" passed="2" failed="0" skipped="0">
  <reporter-output>
  </reporter-output>
  <suite started-at="2021-06-04T13:45:18 IST" name="Default suite" finished-at="2021-06-04T13:45:18 IST" duration-ms="83">
    <groups>
    </groups>
    <test started-at="2021-06-04T13:45:18 IST" name="Default test" finished-at="2021-06-04T13:45:18 IST" duration-ms="83">
      <class name="sample_testNG.Pom_Classes_Sample">
        <test-method is-config="true" signature="beforeclass()[pri:0, instance:sample_testNG.Pom_Classes_Sample@49c7b90e]" started-at="2021-06-04T13:45:18 IST" name="beforeclass" finished-at="2021-06-04T13:45:18 IST" duration-ms="10" status="PASS">
          <reporter-output>
          </reporter-output>
        </test-method> <!-- beforeclass -->
        <test-method is-config="true" signature="beforemethod()[pri:0, instance:sample_testNG.Pom_Classes_Sample@49c7b90e]" started-at="2021-06-04T13:45:18 IST" name="beforemethod" finished-at="2021-06-04T13:45:18 IST" duration-ms="0" status="PASS">
          <reporter-output>
          </reporter-output>
        </test-method> <!-- beforemethod -->
        <test-method signature="test()[pri:0, instance:sample_testNG.Pom_Classes_Sample@49c7b90e]" started-at="2021-06-04T13:45:18 IST" name="test" finished-at="2021-06-04T13:45:18 IST" duration-ms="8" status="PASS">
          <reporter-output>
          </reporter-output>
        </test-method> <!-- test -->
        <test-method is-config="true" signature="aftermethod()[pri:0, instance:sample_testNG.Pom_Classes_Sample@49c7b90e]" started-at="2021-06-04T13:45:18 IST" name="aftermethod" finished-at="2021-06-04T13:45:18 IST" duration-ms="0" status="PASS">
          <reporter-output>
          </reporter-output>
        </test-method> <!-- aftermethod -->
        <test-method is-config="true" signature="beforemethod()[pri:0, instance:sample_testNG.Pom_Classes_Sample@49c7b90e]" started-at="2021-06-04T13:45:18 IST" name="beforemethod" finished-at="2021-06-04T13:45:18 IST" duration-ms="1" status="PASS">
          <reporter-output>
          </reporter-output>
        </test-method> <!-- beforemethod -->
        <test-method signature="test()[pri:0, instance:sample_testNG.Pom_Classes_Sample@49c7b90e]" started-at="2021-06-04T13:45:18 IST" name="test" finished-at="2021-06-04T13:45:18 IST" duration-ms="5" status="PASS">
          <reporter-output>
          </reporter-output>
        </test-method> <!-- test -->
        <test-method is-config="true" signature="aftermethod()[pri:0, instance:sample_testNG.Pom_Classes_Sample@49c7b90e]" started-at="2021-06-04T13:45:18 IST" name="aftermethod" finished-at="2021-06-04T13:45:18 IST" duration-ms="1" status="PASS">
          <reporter-output>
          </reporter-output>
        </test-method> <!-- aftermethod -->
        <test-method is-config="true" signature="afterclass()[pri:0, instance:sample_testNG.Pom_Classes_Sample@49c7b90e]" started-at="2021-06-04T13:45:18 IST" name="afterclass" finished-at="2021-06-04T13:45:18 IST" duration-ms="0" status="PASS">
          <reporter-output>
          </reporter-output>
        </test-method> <!-- afterclass -->
      </class> <!-- sample_testNG.Pom_Classes_Sample -->
    </test> <!-- Default test -->
  </suite> <!-- Default suite -->
</testng-results>
