<?xml version="1.0" encoding="UTF-8"?>
<!-- Generated by org.testng.reporters.JUnitXMLReporter -->
<testsuite ignored="2" hostname="DESKTOP-974RD15" failures="0" tests="3" name="Chrome Test" time="39.57" errors="0" timestamp="2021-06-21T10:53:01 IST">
  <testcase classname="com.flipkart.TestClass.Flipkart_TestClass2" name="@BeforeClass launching" time="0.001">
    <failure type="java.lang.NullPointerException" message="Cannot invoke &amp;quot;org.openqa.selenium.WebDriver.get(String)&amp;quot; because &amp;quot;this.driver&amp;quot; is null">
      <![CDATA[java.lang.NullPointerException: Cannot invoke "org.openqa.selenium.WebDriver.get(String)" because "this.driver" is null
at com.flipkart.TestClass.Flipkart_TestClass2.launching(Flipkart_TestClass2.java:18)
at java.base/java.util.ArrayList.forEach(ArrayList.java:1511)
... Removed 25 stack frames]]>
    </failure>
  </testcase> <!-- @BeforeClass launching -->
  <testcase classname="com.flipkart.TestClass.Flipkart_TestClass2" name="@BeforeMethod Login_flipkart" time="-1.624252980874E9">
    <skipped/>
  </testcase> <!-- @BeforeMethod Login_flipkart -->
  <testcase classname="com.flipkart.TestClass.Flikart_TestClass1" name="LoginTest" time="4.031"/>
  <testcase classname="com.flipkart.TestClass.Flikart_TestClass1" name="Mobiles_Test" time="0.727"/>
  <testcase classname="com.flipkart.TestClass.Flipkart_TestClass2" name="Electronics_Test" time="0.0">
    <skipped/>
  </testcase> <!-- Electronics_Test -->
  <testcase classname="com.flipkart.TestClass.Flikart_TestClass1" name="Fashion_Test" time="0.0">
    <ignored/>
  </testcase> <!-- Fashion_Test -->
  <testcase classname="com.flipkart.TestClass.Flikart_TestClass1" name="LoginTest1" time="0.0">
    <ignored/>
  </testcase> <!-- LoginTest1 -->
</testsuite> <!-- Chrome Test -->
