<?xml version="1.0" encoding="UTF-8"?>
<!-- Generated by org.testng.reporters.JUnitXMLReporter -->
<testsuite ignored="2" hostname="DESKTOP-974RD15" failures="0" tests="2" name="Firefox Test" time="60.904" errors="0" timestamp="2021-06-17T14:02:33 IST">
  <testcase classname="com.flipkart.TestClass.Flikart_TestClass1" name="LoginTest" time="5.981"/>
  <testcase classname="com.flipkart.TestClass.Flikart_TestClass1" name="Mobiles_Test" time="6.351"/>
  <testcase classname="com.flipkart.TestClass.Flikart_TestClass1" name="Fashion_Test" time="0.0">
    <ignored/>
  </testcase> <!-- Fashion_Test -->
  <testcase classname="com.flipkart.TestClass.Flikart_TestClass1" name="LoginTest1" time="0.0">
    <ignored/>
  </testcase> <!-- LoginTest1 -->
</testsuite> <!-- Firefox Test -->
